<?xml version="1.0" encoding="UTF-8"?>
<!-- Generated by org.testng.reporters.JUnitReportReporter -->
<testsuite skipped="0" hostname="SIT-PC" name="com.qa.tests.LoginPageTest" tests="2" failures="0" timestamp="28 Oct 2019 14:27:21 GMT" time="43.324" errors="0">
  <testcase name="VerifyTitle" time="13.623" classname="com.qa.tests.LoginPageTest"/>
  <testcase name="loginTest" time="29.701" classname="com.qa.tests.LoginPageTest"/>
</testsuite> <!-- com.qa.tests.LoginPageTest -->
